2025-09-16 02:44:21,390 p=1254 u=ubuntu n=ansible | PLAY [Generate artifact, copy artifact & sql file to files directory] *********************************************************************************************************************************************************************************************************
2025-09-16 02:44:21,408 p=1254 u=ubuntu n=ansible | TASK [Gathering Facts] ********************************************************************************************************************************************************************************************************************************************************
2025-09-16 02:44:23,083 p=1254 u=ubuntu n=ansible | ok: [localhost]
2025-09-16 02:44:23,099 p=1254 u=ubuntu n=ansible | TASK [Install  jdk, maven, git] ***********************************************************************************************************************************************************************************************************************************************
2025-09-16 02:44:39,666 p=1254 u=ubuntu n=ansible | ok: [localhost] => (item=git)
2025-09-16 02:45:23,664 p=1254 u=ubuntu n=ansible | changed: [localhost] => (item=openjdk-8-jdk)
2025-09-16 02:45:33,982 p=1254 u=ubuntu n=ansible | changed: [localhost] => (item=maven)
2025-09-16 02:45:33,997 p=1254 u=ubuntu n=ansible | TASK [Clone source code from github] ******************************************************************************************************************************************************************************************************************************************
2025-09-16 02:45:39,157 p=1254 u=ubuntu n=ansible | changed: [localhost]
2025-09-16 02:45:39,167 p=1254 u=ubuntu n=ansible | TASK [mvn install command to build artifact] **********************************************************************************************************************************************************************************************************************************
2025-09-16 02:46:16,593 p=1254 u=ubuntu n=ansible | changed: [localhost]
2025-09-16 02:46:16,616 p=1254 u=ubuntu n=ansible | TASK [Copy artifacts to files directory] **************************************************************************************************************************************************************************************************************************************
2025-09-16 02:46:17,998 p=1254 u=ubuntu n=ansible | changed: [localhost] => (item=/home/ubuntu/ansible-aws-vpc/provision-stack/Vprofile-repo/target/vprofile-v2.war)
2025-09-16 02:46:18,006 p=1254 u=ubuntu n=ansible | TASK [Copy SQL file to files directory] ***************************************************************************************************************************************************************************************************************************************
2025-09-16 02:46:18,546 p=1254 u=ubuntu n=ansible | changed: [localhost]
2025-09-16 02:46:18,568 p=1254 u=ubuntu n=ansible | PLAY RECAP ********************************************************************************************************************************************************************************************************************************************************************
2025-09-16 02:46:18,568 p=1254 u=ubuntu n=ansible | localhost                  : ok=6    changed=5    unreachable=0    failed=0    skipped=0    rescued=0    ignored=0   
2025-09-16 02:49:57,044 p=4963 u=ubuntu n=ansible | PLAY [Set host to ip mapping in /etc/hosts file of all the instances in the stack] ********************************************************************************************************************************************************************************************
2025-09-16 02:49:57,064 p=4963 u=ubuntu n=ansible | TASK [Gathering Facts] ********************************************************************************************************************************************************************************************************************************************************
2025-09-16 02:49:59,692 p=4963 u=ubuntu n=ansible | ok: [web01]
2025-09-16 02:49:59,813 p=4963 u=ubuntu n=ansible | ok: [cntl]
2025-09-16 02:50:00,425 p=4963 u=ubuntu n=ansible | ok: [app01]
2025-09-16 02:50:00,440 p=4963 u=ubuntu n=ansible | ok: [rmq01]
2025-09-16 02:50:00,559 p=4963 u=ubuntu n=ansible | ok: [mc01]
2025-09-16 02:50:02,504 p=4963 u=ubuntu n=ansible | ok: [db01]
2025-09-16 02:50:02,563 p=4963 u=ubuntu n=ansible | TASK [Import VPC setup Variable] **********************************************************************************************************************************************************************************************************************************************
2025-09-16 02:50:02,612 p=4963 u=ubuntu n=ansible | ok: [cntl]
2025-09-16 02:50:02,632 p=4963 u=ubuntu n=ansible | ok: [web01]
2025-09-16 02:50:02,653 p=4963 u=ubuntu n=ansible | ok: [app01]
2025-09-16 02:50:02,675 p=4963 u=ubuntu n=ansible | ok: [mc01]
2025-09-16 02:50:02,677 p=4963 u=ubuntu n=ansible | ok: [rmq01]
2025-09-16 02:50:02,686 p=4963 u=ubuntu n=ansible | ok: [db01]
2025-09-16 02:50:02,693 p=4963 u=ubuntu n=ansible | TASK [Update hosts file for all the hosts] ************************************************************************************************************************************************************************************************************************************
2025-09-16 02:50:03,522 p=4963 u=ubuntu n=ansible | changed: [rmq01]
2025-09-16 02:50:03,524 p=4963 u=ubuntu n=ansible | changed: [app01]
2025-09-16 02:50:03,524 p=4963 u=ubuntu n=ansible | changed: [mc01]
2025-09-16 02:50:03,525 p=4963 u=ubuntu n=ansible | changed: [web01]
2025-09-16 02:50:03,607 p=4963 u=ubuntu n=ansible | changed: [cntl]
2025-09-16 02:50:03,889 p=4963 u=ubuntu n=ansible | changed: [db01]
2025-09-16 02:50:03,997 p=4963 u=ubuntu n=ansible | PLAY RECAP ********************************************************************************************************************************************************************************************************************************************************************
2025-09-16 02:50:03,997 p=4963 u=ubuntu n=ansible | app01                      : ok=3    changed=1    unreachable=0    failed=0    skipped=0    rescued=0    ignored=0   
2025-09-16 02:50:03,997 p=4963 u=ubuntu n=ansible | cntl                       : ok=3    changed=1    unreachable=0    failed=0    skipped=0    rescued=0    ignored=0   
2025-09-16 02:50:03,997 p=4963 u=ubuntu n=ansible | db01                       : ok=3    changed=1    unreachable=0    failed=0    skipped=0    rescued=0    ignored=0   
2025-09-16 02:50:03,998 p=4963 u=ubuntu n=ansible | mc01                       : ok=3    changed=1    unreachable=0    failed=0    skipped=0    rescued=0    ignored=0   
2025-09-16 02:50:03,998 p=4963 u=ubuntu n=ansible | rmq01                      : ok=3    changed=1    unreachable=0    failed=0    skipped=0    rescued=0    ignored=0   
2025-09-16 02:50:03,998 p=4963 u=ubuntu n=ansible | web01                      : ok=3    changed=1    unreachable=0    failed=0    skipped=0    rescued=0    ignored=0   
